<?xml version="1.0" encoding="UTF-8"?>
<!-- Generated by org.testng.reporters.JUnitReportReporter -->
<testsuite skipped="0" hostname="MaxWitri.local" name="runners.PalindromeRunner" tests="4" failures="0" timestamp="2022-09-24T13:45:51 WIB" time="0.328" errors="0">
  <testcase name="runScenario" time="0.023" classname="runners.PalindromeRunner"/>
  <system-out/>
  <testcase name="runScenario" time="0.009" classname="runners.PalindromeRunner"/>
  <system-out/>
  <testcase name="runScenario" time="0.006" classname="runners.PalindromeRunner"/>
  <system-out/>
  <testcase name="runScenario" time="0.290" classname="runners.PalindromeRunner"/>
  <system-out/>
</testsuite> <!-- runners.PalindromeRunner -->
